"C:\\Users\\adity\\AppData\\Local\\Android\\Sdk\\cmake\\3.22.1\\bin\\cmake.exe" ^
        "-HD:\\appy\\meetkats - Copy\\meetkats\\node_modules\\react-native\\ReactAndroid\\cmake-utils\\default-app-setup" ^     
        "-DCMAKE_SYSTEM_NAME=Android" ^
        "-DCMAKE_EXPORT_COMPILE_COMMANDS=ON" ^
        "-DCMAKE_SYSTEM_VERSION=24" ^
        "-DANDROID_PLATFORM=android-24" ^
        "-DANDROID_ABI=arm64-v8a" ^
        "-DCMAKE_ANDROID_ARCH_ABI=arm64-v8a" ^
        "-DANDROID_NDK=C:\\Users\\adity\\AppData\\Local\\Android\\Sdk\\ndk\\26.1.10909125" ^
        "-DCMAKE_ANDROID_NDK=C:\\Users\\adity\\AppData\\Local\\Android\\Sdk\\ndk\\26.1.10909125" ^
        "-DCMAKE_TOOLCHAIN_FILE=C:\\Users\\adity\\AppData\\Local\\Android\\Sdk\\ndk\\26.1.10909125\\build\\cmake\\android.toolchain.cmake" ^
        "-DCMAKE_MAKE_PROGRAM=C:\\Users\\adity\\AppData\\Local\\Android\\Sdk\\cmake\\3.22.1\\bin\\ninja.exe" ^
        "-DCMAKE_LIBRARY_OUTPUT_DIRECTORY=D:\\appy\\meetkats - Copy\\meetkats\\android\\app\\build\\intermediates\\cxx\\RelWithDebInfo\\65x3r466\\obj\\arm64-v8a" ^
        "-DCMAKE_RUNTIME_OUTPUT_DIRECTORY=D:\\appy\\meetkats - Copy\\meetkats\\android\\app\\build\\intermediates\\cxx\\RelWithDebInfo\\65x3r466\\obj\\arm64-v8a" ^
        "-DCMAKE_BUILD_TYPE=RelWithDebInfo" ^
        "-DCMAKE_FIND_ROOT_PATH=D:\\appy\\meetkats - Copy\\meetkats\\android\\app\\.cxx\\RelWithDebInfo\\65x3r466\\prefab\\arm64-v8a\\prefab" ^
        "-BD:\\appy\\meetkats - Copy\\meetkats\\android\\app\\.cxx\\RelWithDebInfo\\65x3r466\\arm64-v8a" ^
        -GNinja ^
        "-DPROJECT_BUILD_DIR=D:\\appy\\meetkats - Copy\\meetkats\\android\\app\\build" ^
        "-DREACT_ANDROID_DIR=D:\\appy\\meetkats - Copy\\meetkats\\node_modules\\react-native\\ReactAndroid" ^
        "-DANDROID_STL=c++_shared" ^
        "-DANDROID_USE_LEGACY_TOOLCHAIN_FILE=ON"
    from D:\appy\meetkats - Copy\meetkats\android\app
  CMake Error at D:/appy/meetkats - Copy/meetkats/android/app/build/generated/autolinking/src/main/jni/Android-autolinking.cmake:9 (add_subdirectory):
    add_subdirectory given source
    "D:/appy/meetkats/node_modules/@react-native-async-storage/async-storage/android/build/generated/source/codegen/jni/"       
    which is not an existing directory.
  Call Stack (most recent call first):
    D:/appy/meetkats - Copy/meetkats/node_modules/react-native/ReactAndroid/cmake-utils/ReactNative-application.cmake:100 (include)
    CMakeLists.txt:31 (include)


  CMake Error at D:/appy/meetkats - Copy/meetkats/android/app/build/generated/autolinking/src/main/jni/Android-autolinking.cmake:10 (add_subdirectory):
    add_subdirectory given source
    "D:/appy/meetkats/node_modules/@react-native-community/datetimepicker/android/build/generated/source/codegen/jni/"
    which is not an existing directory.
  Call Stack (most recent call first):
    D:/appy/meetkats - Copy/meetkats/node_modules/react-native/ReactAndroid/cmake-utils/ReactNative-application.cmake:100 (include)
    CMakeLists.txt:31 (include)


  CMake Error at D:/appy/meetkats - Copy/meetkats/android/app/build/generated/autolinking/src/main/jni/Android-autolinking.cmake:14 (add_subdirectory):
    add_subdirectory given source
    "D:/appy/meetkats/node_modules/@react-native-google-signin/google-signin/android/build/generated/source/codegen/jni/"       
    which is not an existing directory.
  Call Stack (most recent call first):
    D:/appy/meetkats - Copy/meetkats/node_modules/react-native/ReactAndroid/cmake-utils/ReactNative-application.cmake:100 (include)
    CMakeLists.txt:31 (include)


  CMake Error at D:/appy/meetkats - Copy/meetkats/android/app/build/generated/autolinking/src/main/jni/Android-autolinking.cmake:17 (add_subdirectory):
    add_subdirectory given source
    "D:/appy/meetkats/node_modules/react-native-gesture-handler/android/build/generated/source/codegen/jni/"
    which is not an existing directory.
  Call Stack (most recent call first):
    D:/appy/meetkats - Copy/meetkats/node_modules/react-native/ReactAndroid/cmake-utils/ReactNative-application.cmake:100 (include)
    CMakeLists.txt:31 (include)


  CMake Error at D:/appy/meetkats - Copy/meetkats/android/app/build/generated/autolinking/src/main/jni/Android-autolinking.cmake:19 (add_subdirectory):
    add_subdirectory given source
    "D:/appy/meetkats/node_modules/react-native-reanimated/android/build/generated/source/codegen/jni/"
    which is not an existing directory.
  Call Stack (most recent call first):
    D:/appy/meetkats - Copy/meetkats/node_modules/react-native/ReactAndroid/cmake-utils/ReactNative-application.cmake:100 (include)
    CMakeLists.txt:31 (include)


  CMake Error at D:/appy/meetkats - Copy/meetkats/node_modules/react-native/ReactAndroid/cmake-utils/ReactNative-application.cmake:103 (target_link_libraries):
    Cannot specify link libraries for target "react_codegen_rnasyncstorage"
    which is not built by this project.
  Call Stack (most recent call first):
    CMakeLists.txt:31 (include) : com.android.ide.common.process.ProcessException: -- The C compiler identification is Clang 17.0.2
  -- The CXX compiler identification is Clang 17.0.2
  -- Detecting C compiler ABI info
  -- Detecting C compiler ABI info - done
  -- Check for working C compiler: C:/Users/adity/AppData/Local/Android/Sdk/ndk/26.1.10909125/toolchains/llvm/prebuilt/windows-x86_64/bin/clang.exe - skipped
  -- Detecting C compile features
  -- Detecting C compile features - done
  -- Detecting CXX compiler ABI info
  -- Detecting CXX compiler ABI info - done
  -- Check for working CXX compiler: C:/Users/adity/AppData/Local/Android/Sdk/ndk/26.1.10909125/toolchains/llvm/prebuilt/windows-x86_64/bin/clang++.exe - skipped
  -- Detecting CXX compile features
  -- Detecting CXX compile features - done
  -- Configuring incomplete, errors occurred!
  See also "D:/appy/meetkats - Copy/meetkats/android/app/.cxx/RelWithDebInfo/65x3r466/arm64-v8a/CMakeFiles/CMakeOutput.log".    

  C++ build system [configure] failed while executing:
      @echo off
      "C:\\Users\\adity\\AppData\\Local\\Android\\Sdk\\cmake\\3.22.1\\bin\\cmake.exe" ^
        "-HD:\\appy\\meetkats - Copy\\meetkats\\node_modules\\react-native\\ReactAndroid\\cmake-utils\\default-app-setup" ^     
        "-DCMAKE_SYSTEM_NAME=Android" ^
        "-DCMAKE_EXPORT_COMPILE_COMMANDS=ON" ^
        "-DCMAKE_SYSTEM_VERSION=24" ^
        "-DANDROID_PLATFORM=android-24" ^
        "-DANDROID_ABI=arm64-v8a" ^
        "-DCMAKE_ANDROID_ARCH_ABI=arm64-v8a" ^
        "-DANDROID_NDK=C:\\Users\\adity\\AppData\\Local\\Android\\Sdk\\ndk\\26.1.10909125" ^
        "-DCMAKE_ANDROID_NDK=C:\\Users\\adity\\AppData\\Local\\Android\\Sdk\\ndk\\26.1.10909125" ^
        "-DCMAKE_TOOLCHAIN_FILE=C:\\Users\\adity\\AppData\\Local\\Android\\Sdk\\ndk\\26.1.10909125\\build\\cmake\\android.toolchain.cmake" ^
        "-DCMAKE_MAKE_PROGRAM=C:\\Users\\adity\\AppData\\Local\\Android\\Sdk\\cmake\\3.22.1\\bin\\ninja.exe" ^
        "-DCMAKE_LIBRARY_OUTPUT_DIRECTORY=D:\\appy\\meetkats - Copy\\meetkats\\android\\app\\build\\intermediates\\cxx\\RelWithDebInfo\\65x3r466\\obj\\arm64-v8a" ^
        "-DCMAKE_RUNTIME_OUTPUT_DIRECTORY=D:\\appy\\meetkats - Copy\\meetkats\\android\\app\\build\\intermediates\\cxx\\RelWithDebInfo\\65x3r466\\obj\\arm64-v8a" ^
        "-DCMAKE_BUILD_TYPE=RelWithDebInfo" ^
        "-DCMAKE_FIND_ROOT_PATH=D:\\appy\\meetkats - Copy\\meetkats\\android\\app\\.cxx\\RelWithDebInfo\\65x3r466\\prefab\\arm64-v8a\\prefab" ^
        "-BD:\\appy\\meetkats - Copy\\meetkats\\android\\app\\.cxx\\RelWithDebInfo\\65x3r466\\arm64-v8a" ^
        -GNinja ^
        "-DPROJECT_BUILD_DIR=D:\\appy\\meetkats - Copy\\meetkats\\android\\app\\build" ^
        "-DREACT_ANDROID_DIR=D:\\appy\\meetkats - Copy\\meetkats\\node_modules\\react-native\\ReactAndroid" ^
        "-DANDROID_STL=c++_shared" ^
        "-DANDROID_USE_LEGACY_TOOLCHAIN_FILE=ON"
    from D:\appy\meetkats - Copy\meetkats\android\app
  CMake Error at D:/appy/meetkats - Copy/meetkats/android/app/build/generated/autolinking/src/main/jni/Android-autolinking.cmake:9 (add_subdirectory):
    add_subdirectory given source
    "D:/appy/meetkats/node_modules/@react-native-async-storage/async-storage/android/build/generated/source/codegen/jni/"       
    which is not an existing directory.
  Call Stack (most recent call first):
    D:/appy/meetkats - Copy/meetkats/node_modules/react-native/ReactAndroid/cmake-utils/ReactNative-application.cmake:100 (include)
    CMakeLists.txt:31 (include)


  CMake Error at D:/appy/meetkats - Copy/meetkats/android/app/build/generated/autolinking/src/main/jni/Android-autolinking.cmake:10 (add_subdirectory):
    add_subdirectory given source
    "D:/appy/meetkats/node_modules/@react-native-community/datetimepicker/android/build/generated/source/codegen/jni/"
    which is not an existing directory.
  Call Stack (most recent call first):
    D:/appy/meetkats - Copy/meetkats/node_modules/react-native/ReactAndroid/cmake-utils/ReactNative-application.cmake:100 (include)
    CMakeLists.txt:31 (include)


  CMake Error at D:/appy/meetkats - Copy/meetkats/android/app/build/generated/autolinking/src/main/jni/Android-autolinking.cmake:14 (add_subdirectory):
    add_subdirectory given source
    "D:/appy/meetkats/node_modules/@react-native-google-signin/google-signin/android/build/generated/source/codegen/jni/"       
    which is not an existing directory.
  Call Stack (most recent call first):
    D:/appy/meetkats - Copy/meetkats/node_modules/react-native/ReactAndroid/cmake-utils/ReactNative-application.cmake:100 (include)
    CMakeLists.txt:31 (include)


  CMake Error at D:/appy/meetkats - Copy/meetkats/android/app/build/generated/autolinking/src/main/jni/Android-autolinking.cmake:17 (add_subdirectory):
    add_subdirectory given source
    "D:/appy/meetkats/node_modules/react-native-gesture-handler/android/build/generated/source/codegen/jni/"
    which is not an existing directory.
  Call Stack (most recent call first):
    D:/appy/meetkats - Copy/meetkats/node_modules/react-native/ReactAndroid/cmake-utils/ReactNative-application.cmake:100 (include)
    CMakeLists.txt:31 (include)


  CMake Error at D:/appy/meetkats - Copy/meetkats/android/app/build/generated/autolinking/src/main/jni/Android-autolinking.cmake:19 (add_subdirectory):
    add_subdirectory given source
    "D:/appy/meetkats/node_modules/react-native-reanimated/android/build/generated/source/codegen/jni/"
    which is not an existing directory.
  Call Stack (most recent call first):
    D:/appy/meetkats - Copy/meetkats/node_modules/react-native/ReactAndroid/cmake-utils/ReactNative-application.cmake:100 (include)
    CMakeLists.txt:31 (include)


  CMake Error at D:/appy/meetkats - Copy/meetkats/node_modules/react-native/ReactAndroid/cmake-utils/ReactNative-application.cmake:103 (target_link_libraries):
    Cannot specify link libraries for target "react_codegen_rnasyncstorage"
    which is not built by this project.
  Call Stack (most recent call first):
    CMakeLists.txt:31 (include)
        at com.android.build.gradle.internal.cxx.process.ExecuteProcessKt.execute(ExecuteProcess.kt:288)
        at com.android.build.gradle.internal.cxx.process.ExecuteProcessKt$executeProcess$1.invoke(ExecuteProcess.kt:108)        
        at com.android.build.gradle.internal.cxx.process.ExecuteProcessKt$executeProcess$1.invoke(ExecuteProcess.kt:106)        
        at com.android.build.gradle.internal.cxx.timing.TimingEnvironmentKt.time(TimingEnvironment.kt:32)
        at com.android.build.gradle.internal.cxx.process.ExecuteProcessKt.executeProcess(ExecuteProcess.kt:106)
        at com.android.build.gradle.internal.cxx.process.ExecuteProcessKt.executeProcess$default(ExecuteProcess.kt:85)
        at com.android.build.gradle.tasks.CmakeQueryMetadataGenerator.executeProcess(CmakeFileApiMetadataGenerator.kt:59)       
        at com.android.build.gradle.tasks.ExternalNativeJsonGenerator$configureOneAbi$1$1$3.invoke(ExternalNativeJsonGenerator.kt:247)
        at com.android.build.gradle.tasks.ExternalNativeJsonGenerator$configureOneAbi$1$1$3.invoke(ExternalNativeJsonGenerator.kt:247)
        at com.android.build.gradle.internal.cxx.timing.TimingEnvironmentKt.time(TimingEnvironment.kt:32)
        at com.android.build.gradle.tasks.ExternalNativeJsonGenerator.configureOneAbi(ExternalNativeJsonGenerator.kt:247)       
        at com.android.build.gradle.tasks.ExternalNativeJsonGenerator.configure(ExternalNativeJsonGenerator.kt:113)
        at com.android.build.gradle.tasks.ExternalNativeBuildJsonTask.doTaskAction(ExternalNativeBuildJsonTask.kt:89)
        at com.android.build.gradle.internal.tasks.UnsafeOutputsTask$taskAction$$inlined$recordTaskAction$1.invoke(BaseTask.kt:66)
        at com.android.build.gradle.internal.tasks.Blocks.recordSpan(Blocks.java:51)
        at com.android.build.gradle.internal.tasks.UnsafeOutputsTask.taskAction(UnsafeOutputsTask.kt:81)
        at jdk.internal.reflect.GeneratedMethodAccessor1150.invoke(Unknown Source)
        at java.base/jdk.internal.reflect.DelegatingMethodAccessorImpl.invoke(DelegatingMethodAccessorImpl.java:43)
        at java.base/java.lang.reflect.Method.invoke(Method.java:568)
        at org.gradle.internal.reflect.JavaMethod.invoke(JavaMethod.java:125)
        at org.gradle.api.internal.project.taskfactory.StandardTaskAction.doExecute(StandardTaskAction.java:58)
        at org.gradle.api.internal.project.taskfactory.StandardTaskAction.execute(StandardTaskAction.java:51)
        at org.gradle.api.internal.project.taskfactory.StandardTaskAction.execute(StandardTaskAction.java:29)
        at org.gradle.api.internal.tasks.execution.TaskExecution$3.run(TaskExecution.java:244)
        at org.gradle.internal.operations.DefaultBuildOperationRunner$1.execute(DefaultBuildOperationRunner.java:29)
        at org.gradle.internal.operations.DefaultBuildOperationRunner$1.execute(DefaultBuildOperationRunner.java:26)
        at org.gradle.internal.operations.DefaultBuildOperationRunner$2.execute(DefaultBuildOperationRunner.java:66)
        at org.gradle.internal.operations.DefaultBuildOperationRunner$2.execute(DefaultBuildOperationRunner.java:59)
        at org.gradle.internal.operations.DefaultBuildOperationRunner.execute(DefaultBuildOperationRunner.java:166)
        at org.gradle.internal.operations.DefaultBuildOperationRunner.execute(DefaultBuildOperationRunner.java:59)
        at org.gradle.internal.operations.DefaultBuildOperationRunner.run(DefaultBuildOperationRunner.java:47)
        at org.gradle.api.internal.tasks.execution.TaskExecution.executeAction(TaskExecution.java:229)
        at org.gradle.api.internal.tasks.execution.TaskExecution.executeActions(TaskExecution.java:212)
        at org.gradle.api.internal.tasks.execution.TaskExecution.executeWithPreviousOutputFiles(TaskExecution.java:195)
        at org.gradle.api.internal.tasks.execution.TaskExecution.execute(TaskExecution.java:162)
        at org.gradle.internal.execution.steps.ExecuteStep.executeInternal(ExecuteStep.java:105)
        at org.gradle.internal.execution.steps.ExecuteStep.access$000(ExecuteStep.java:44)
        at org.gradle.internal.execution.steps.ExecuteStep$1.call(ExecuteStep.java:59)
        at org.gradle.internal.execution.steps.ExecuteStep$1.call(ExecuteStep.java:56)
        at org.gradle.internal.operations.DefaultBuildOperationRunner$CallableBuildOperationWorker.execute(DefaultBuildOperationRunner.java:209)
        at org.gradle.internal.operations.DefaultBuildOperationRunner$CallableBuildOperationWorker.execute(DefaultBuildOperationRunner.java:204)
        at org.gradle.internal.operations.DefaultBuildOperationRunner$2.execute(DefaultBuildOperationRunner.java:66)
        at org.gradle.internal.operations.DefaultBuildOperationRunner$2.execute(DefaultBuildOperationRunner.java:59)
        at org.gradle.internal.operations.DefaultBuildOperationRunner.execute(DefaultBuildOperationRunner.java:166)
        at org.gradle.internal.operations.DefaultBuildOperationRunner.execute(DefaultBuildOperationRunner.java:59)
        at org.gradle.internal.operations.DefaultBuildOperationRunner.call(DefaultBuildOperationRunner.java:53)
        at org.gradle.internal.execution.steps.ExecuteStep.execute(ExecuteStep.java:56)
        at org.gradle.internal.execution.steps.ExecuteStep.execute(ExecuteStep.java:44)
        at org.gradle.internal.execution.steps.CancelExecutionStep.execute(CancelExecutionStep.java:42)
        at org.gradle.internal.execution.steps.TimeoutStep.executeWithoutTimeout(TimeoutStep.java:75)
        at org.gradle.internal.execution.steps.TimeoutStep.execute(TimeoutStep.java:55)
        at org.gradle.internal.execution.steps.PreCreateOutputParentsStep.execute(PreCreateOutputParentsStep.java:50)
        at org.gradle.internal.execution.steps.PreCreateOutputParentsStep.execute(PreCreateOutputParentsStep.java:28)
        at org.gradle.internal.execution.steps.RemovePreviousOutputsStep.execute(RemovePreviousOutputsStep.java:67)
        at org.gradle.internal.execution.steps.RemovePreviousOutputsStep.execute(RemovePreviousOutputsStep.java:37)
        at org.gradle.internal.execution.steps.BroadcastChangingOutputsStep.execute(BroadcastChangingOutputsStep.java:61)       
        at org.gradle.internal.execution.steps.BroadcastChangingOutputsStep.execute(BroadcastChangingOutputsStep.java:26)       
        at org.gradle.internal.execution.steps.CaptureOutputsAfterExecutionStep.execute(CaptureOutputsAfterExecutionStep.java:69)
        at org.gradle.internal.execution.steps.CaptureOutputsAfterExecutionStep.execute(CaptureOutputsAfterExecutionStep.java:46)
        at org.gradle.internal.execution.steps.ResolveInputChangesStep.execute(ResolveInputChangesStep.java:40)
        at org.gradle.internal.execution.steps.ResolveInputChangesStep.execute(ResolveInputChangesStep.java:29)
        at org.gradle.internal.execution.steps.BuildCacheStep.executeWithoutCache(BuildCacheStep.java:189)
        at org.gradle.internal.execution.steps.BuildCacheStep.lambda$execute$1(BuildCacheStep.java:75)
        at org.gradle.internal.Either$Right.fold(Either.java:175)
        at org.gradle.internal.execution.caching.CachingState.fold(CachingState.java:62)
        at org.gradle.internal.execution.steps.BuildCacheStep.execute(BuildCacheStep.java:73)
        at org.gradle.internal.execution.steps.BuildCacheStep.execute(BuildCacheStep.java:48)
        at org.gradle.internal.execution.steps.StoreExecutionStateStep.execute(StoreExecutionStateStep.java:46)
        at org.gradle.internal.execution.steps.StoreExecutionStateStep.execute(StoreExecutionStateStep.java:35)
        at org.gradle.internal.execution.steps.SkipUpToDateStep.executeBecause(SkipUpToDateStep.java:75)
        at org.gradle.internal.execution.steps.SkipUpToDateStep.lambda$execute$2(SkipUpToDateStep.java:53)
        at java.base/java.util.Optional.orElseGet(Optional.java:364)
        at org.gradle.internal.execution.steps.SkipUpToDateStep.execute(SkipUpToDateStep.java:53)
        at org.gradle.internal.execution.steps.SkipUpToDateStep.execute(SkipUpToDateStep.java:35)
        at org.gradle.internal.execution.steps.legacy.MarkSnapshottingInputsFinishedStep.execute(MarkSnapshottingInputsFinishedStep.java:37)
        at org.gradle.internal.execution.steps.legacy.MarkSnapshottingInputsFinishedStep.execute(MarkSnapshottingInputsFinishedStep.java:27)
        at org.gradle.internal.execution.steps.ResolveIncrementalCachingStateStep.executeDelegate(ResolveIncrementalCachingStateStep.java:49)
        at org.gradle.internal.execution.steps.ResolveIncrementalCachingStateStep.executeDelegate(ResolveIncrementalCachingStateStep.java:27)
        at org.gradle.internal.execution.steps.AbstractResolveCachingStateStep.execute(AbstractResolveCachingStateStep.java:71) 
        at org.gradle.internal.execution.steps.AbstractResolveCachingStateStep.execute(AbstractResolveCachingStateStep.java:39) 
        at org.gradle.internal.execution.steps.ResolveChangesStep.execute(ResolveChangesStep.java:65)
        at org.gradle.internal.execution.steps.ResolveChangesStep.execute(ResolveChangesStep.java:36)
        at org.gradle.internal.execution.steps.ValidateStep.execute(ValidateStep.java:107)
        at org.gradle.internal.execution.steps.ValidateStep.execute(ValidateStep.java:56)
        at org.gradle.internal.execution.steps.AbstractCaptureStateBeforeExecutionStep.execute(AbstractCaptureStateBeforeExecutionStep.java:64)
        at org.gradle.internal.execution.steps.AbstractCaptureStateBeforeExecutionStep.execute(AbstractCaptureStateBeforeExecutionStep.java:43)
        at org.gradle.internal.execution.steps.AbstractSkipEmptyWorkStep.executeWithNonEmptySources(AbstractSkipEmptyWorkStep.java:125)
        at org.gradle.internal.execution.steps.AbstractSkipEmptyWorkStep.execute(AbstractSkipEmptyWorkStep.java:56)
        at org.gradle.internal.execution.steps.AbstractSkipEmptyWorkStep.execute(AbstractSkipEmptyWorkStep.java:36)
        at org.gradle.internal.execution.steps.legacy.MarkSnapshottingInputsStartedStep.execute(MarkSnapshottingInputsStartedStep.java:38)
        at org.gradle.internal.execution.steps.LoadPreviousExecutionStateStep.execute(LoadPreviousExecutionStateStep.java:36)   
        at org.gradle.internal.execution.steps.LoadPreviousExecutionStateStep.execute(LoadPreviousExecutionStateStep.java:23)   
        at org.gradle.internal.execution.steps.HandleStaleOutputsStep.execute(HandleStaleOutputsStep.java:75)
        at org.gradle.internal.execution.steps.HandleStaleOutputsStep.execute(HandleStaleOutputsStep.java:41)
        at org.gradle.internal.execution.steps.AssignMutableWorkspaceStep.lambda$execute$0(AssignMutableWorkspaceStep.java:35)  
        at org.gradle.api.internal.tasks.execution.TaskExecution$4.withWorkspace(TaskExecution.java:289)
        at org.gradle.internal.execution.steps.AssignMutableWorkspaceStep.execute(AssignMutableWorkspaceStep.java:31)
        at org.gradle.internal.execution.steps.AssignMutableWorkspaceStep.execute(AssignMutableWorkspaceStep.java:22)
        at org.gradle.internal.execution.steps.ChoosePipelineStep.execute(ChoosePipelineStep.java:40)
        at org.gradle.internal.execution.steps.ChoosePipelineStep.execute(ChoosePipelineStep.java:23)
        at org.gradle.internal.execution.steps.ExecuteWorkBuildOperationFiringStep.lambda$execute$2(ExecuteWorkBuildOperationFiringStep.java:67)
        at java.base/java.util.Optional.orElseGet(Optional.java:364)
        at org.gradle.internal.execution.steps.ExecuteWorkBuildOperationFiringStep.execute(ExecuteWorkBuildOperationFiringStep.java:67)
        at org.gradle.internal.execution.steps.ExecuteWorkBuildOperationFiringStep.execute(ExecuteWorkBuildOperationFiringStep.java:39)
        at org.gradle.internal.execution.steps.IdentityCacheStep.execute(IdentityCacheStep.java:46)
        at org.gradle.internal.execution.steps.IdentityCacheStep.execute(IdentityCacheStep.java:34)
        at org.gradle.internal.execution.steps.IdentifyStep.execute(IdentifyStep.java:48)
        at org.gradle.internal.execution.steps.IdentifyStep.execute(IdentifyStep.java:35)
        at org.gradle.internal.execution.impl.DefaultExecutionEngine$1.execute(DefaultExecutionEngine.java:61)
        at org.gradle.api.internal.tasks.execution.ExecuteActionsTaskExecuter.executeIfValid(ExecuteActionsTaskExecuter.java:127)
        at org.gradle.api.internal.tasks.execution.ExecuteActionsTaskExecuter.execute(ExecuteActionsTaskExecuter.java:116)      
        at org.gradle.api.internal.tasks.execution.FinalizePropertiesTaskExecuter.execute(FinalizePropertiesTaskExecuter.java:46)
        at org.gradle.api.internal.tasks.execution.ResolveTaskExecutionModeExecuter.execute(ResolveTaskExecutionModeExecuter.java:51)
        at org.gradle.api.internal.tasks.execution.SkipTaskWithNoActionsExecuter.execute(SkipTaskWithNoActionsExecuter.java:57) 
        at org.gradle.api.internal.tasks.execution.SkipOnlyIfTaskExecuter.execute(SkipOnlyIfTaskExecuter.java:74)
        at org.gradle.api.internal.tasks.execution.CatchExceptionTaskExecuter.execute(CatchExceptionTaskExecuter.java:36)       
        at org.gradle.api.internal.tasks.execution.EventFiringTaskExecuter$1.executeTask(EventFiringTaskExecuter.java:77)       
        at org.gradle.api.internal.tasks.execution.EventFiringTaskExecuter$1.call(EventFiringTaskExecuter.java:55)
        at org.gradle.api.internal.tasks.execution.EventFiringTaskExecuter$1.call(EventFiringTaskExecuter.java:52)
        at org.gradle.internal.operations.DefaultBuildOperationRunner$CallableBuildOperationWorker.execute(DefaultBuildOperationRunner.java:209)
        at org.gradle.internal.operations.DefaultBuildOperationRunner$CallableBuildOperationWorker.execute(DefaultBuildOperationRunner.java:204)
        at org.gradle.internal.operations.DefaultBuildOperationRunner$2.execute(DefaultBuildOperationRunner.java:66)
        at org.gradle.internal.operations.DefaultBuildOperationRunner$2.execute(DefaultBuildOperationRunner.java:59)
        at org.gradle.internal.operations.DefaultBuildOperationRunner.execute(DefaultBuildOperationRunner.java:166)
        at org.gradle.internal.operations.DefaultBuildOperationRunner.execute(DefaultBuildOperationRunner.java:59)
        at org.gradle.internal.operations.DefaultBuildOperationRunner.call(DefaultBuildOperationRunner.java:53)
        at org.gradle.api.internal.tasks.execution.EventFiringTaskExecuter.execute(EventFiringTaskExecuter.java:52)
        at org.gradle.execution.plan.LocalTaskNodeExecutor.execute(LocalTaskNodeExecutor.java:42)
        at org.gradle.execution.taskgraph.DefaultTaskExecutionGraph$InvokeNodeExecutorsAction.execute(DefaultTaskExecutionGraph.java:331)
        at org.gradle.execution.taskgraph.DefaultTaskExecutionGraph$InvokeNodeExecutorsAction.execute(DefaultTaskExecutionGraph.java:318)
        at org.gradle.execution.taskgraph.DefaultTaskExecutionGraph$BuildOperationAwareExecutionAction.lambda$execute$0(DefaultTaskExecutionGraph.java:314)
        at org.gradle.internal.operations.CurrentBuildOperationRef.with(CurrentBuildOperationRef.java:85)
        at org.gradle.execution.taskgraph.DefaultTaskExecutionGraph$BuildOperationAwareExecutionAction.execute(DefaultTaskExecutionGraph.java:314)
        at org.gradle.execution.taskgraph.DefaultTaskExecutionGraph$BuildOperationAwareExecutionAction.execute(DefaultTaskExecutionGraph.java:303)
        at org.gradle.execution.plan.DefaultPlanExecutor$ExecutorWorker.execute(DefaultPlanExecutor.java:459)
        at org.gradle.execution.plan.DefaultPlanExecutor$ExecutorWorker.run(DefaultPlanExecutor.java:376)
        at org.gradle.internal.concurrent.ExecutorPolicy$CatchAndRecordFailures.onExecute(ExecutorPolicy.java:64)
        at org.gradle.internal.concurrent.AbstractManagedExecutor$1.run(AbstractManagedExecutor.java:48)
        at java.base/java.util.concurrent.ThreadPoolExecutor.runWorker(ThreadPoolExecutor.java:1136)
        at java.base/java.util.concurrent.ThreadPoolExecutor$Worker.run(ThreadPoolExecutor.java:635)
        at java.base/java.lang.Thread.run(Thread.java:842)
  Caused by: com.android.ide.common.process.ProcessException: Error while executing process C:\Users\adity\AppData\Local\Android\Sdk\cmake\3.22.1\bin\cmake.exe with arguments {-HD:\appy\meetkats - Copy\meetkats\node_modules\react-native\ReactAndroid\cmake-utils\default-app-setup -DCMAKE_SYSTEM_NAME=Android -DCMAKE_EXPORT_COMPILE_COMMANDS=ON -DCMAKE_SYSTEM_VERSION=24 -DANDROID_PLATFORM=android-24 -DANDROID_ABI=arm64-v8a -DCMAKE_ANDROID_ARCH_ABI=arm64-v8a -DANDROID_NDK=C:\Users\adity\AppData\Local\Android\Sdk\ndk\26.1.10909125 -DCMAKE_ANDROID_NDK=C:\Users\adity\AppData\Local\Android\Sdk\ndk\26.1.10909125 -DCMAKE_TOOLCHAIN_FILE=C:\Users\adity\AppData\Local\Android\Sdk\ndk\26.1.10909125\build\cmake\android.toolchain.cmake -DCMAKE_MAKE_PROGRAM=C:\Users\adity\AppData\Local\Android\Sdk\cmake\3.22.1\bin\ninja.exe -DCMAKE_LIBRARY_OUTPUT_DIRECTORY=D:\appy\meetkats - Copy\meetkats\android\app\build\intermediates\cxx\RelWithDebInfo\65x3r466\obj\arm64-v8a -DCMAKE_RUNTIME_OUTPUT_DIRECTORY=D:\appy\meetkats - Copy\meetkats\android\app\build\intermediates\cxx\RelWithDebInfo\65x3r466\obj\arm64-v8a -DCMAKE_BUILD_TYPE=RelWithDebInfo -DCMAKE_FIND_ROOT_PATH=D:\appy\meetkats - Copy\meetkats\android\app\.cxx\RelWithDebInfo\65x3r466\prefab\arm64-v8a\prefab -BD:\appy\meetkats - Copy\meetkats\android\app\.cxx\RelWithDebInfo\65x3r466\arm64-v8a -GNinja -DPROJECT_BUILD_DIR=D:\appy\meetkats - Copy\meetkats\android\app\build -DREACT_ANDROID_DIR=D:\appy\meetkats - Copy\meetkats\node_modules\react-native\ReactAndroid -DANDROID_STL=c++_shared -DANDROID_USE_LEGACY_TOOLCHAIN_FILE=ON}
        at com.android.build.gradle.internal.process.GradleProcessResult.buildProcessException(GradleProcessResult.java:73)     
        at com.android.build.gradle.internal.process.GradleProcessResult.assertNormalExitValue(GradleProcessResult.java:48)     
        at com.android.build.gradle.internal.cxx.process.ExecuteProcessKt.execute(ExecuteProcess.kt:277)
        ... 140 more
  Caused by: org.gradle.process.internal.ExecException: Process 'command 'C:\Users\adity\AppData\Local\Android\Sdk\cmake\3.22.1\bin\cmake.exe'' finished with non-zero exit value 1
        at org.gradle.process.internal.DefaultExecHandle$ExecResultImpl.assertNormalExitValue(DefaultExecHandle.java:442)       
        at com.android.build.gradle.internal.process.GradleProcessResult.assertNormalExitValue(GradleProcessResult.java:46)     
        ... 141 more


* Try:
> Run with --info or --debug option to get more log output.
> Run with --scan to get full insights.
> Get more help at https://help.gradle.org.

* Exception is:
org.gradle.api.tasks.TaskExecutionException: Execution failed for task ':app:configureCMakeRelWithDebInfo[arm64-v8a]'.
        at org.gradle.api.internal.tasks.execution.ExecuteActionsTaskExecuter.lambda$executeIfValid$1(ExecuteActionsTaskExecuter.java:130)
        at org.gradle.internal.Try$Failure.ifSuccessfulOrElse(Try.java:293)
        at org.gradle.api.internal.tasks.execution.ExecuteActionsTaskExecuter.executeIfValid(ExecuteActionsTaskExecuter.java:128)
        at org.gradle.api.internal.tasks.execution.ExecuteActionsTaskExecuter.execute(ExecuteActionsTaskExecuter.java:116)      
        at org.gradle.api.internal.tasks.execution.FinalizePropertiesTaskExecuter.execute(FinalizePropertiesTaskExecuter.java:46)
        at org.gradle.api.internal.tasks.execution.ResolveTaskExecutionModeExecuter.execute(ResolveTaskExecutionModeExecuter.java:51)
        at org.gradle.api.internal.tasks.execution.SkipTaskWithNoActionsExecuter.execute(SkipTaskWithNoActionsExecuter.java:57) 
        at org.gradle.api.internal.tasks.execution.SkipOnlyIfTaskExecuter.execute(SkipOnlyIfTaskExecuter.java:74)
        at org.gradle.api.internal.tasks.execution.CatchExceptionTaskExecuter.execute(CatchExceptionTaskExecuter.java:36)       
        at org.gradle.api.internal.tasks.execution.EventFiringTaskExecuter$1.executeTask(EventFiringTaskExecuter.java:77)       
        at org.gradle.api.internal.tasks.execution.EventFiringTaskExecuter$1.call(EventFiringTaskExecuter.java:55)
        at org.gradle.api.internal.tasks.execution.EventFiringTaskExecuter$1.call(EventFiringTaskExecuter.java:52)
        at org.gradle.internal.operations.DefaultBuildOperationRunner$CallableBuildOperationWorker.execute(DefaultBuildOperationRunner.java:209)
        at org.gradle.internal.operations.DefaultBuildOperationRunner$CallableBuildOperationWorker.execute(DefaultBuildOperationRunner.java:204)
        at org.gradle.internal.operations.DefaultBuildOperationRunner$2.execute(DefaultBuildOperationRunner.java:66)
        at org.gradle.internal.operations.DefaultBuildOperationRunner$2.execute(DefaultBuildOperationRunner.java:59)
        at org.gradle.internal.operations.DefaultBuildOperationRunner.execute(DefaultBuildOperationRunner.java:166)
        at org.gradle.internal.operations.DefaultBuildOperationRunner.execute(DefaultBuildOperationRunner.java:59)
        at org.gradle.internal.operations.DefaultBuildOperationRunner.call(DefaultBuildOperationRunner.java:53)
        at org.gradle.api.internal.tasks.execution.EventFiringTaskExecuter.execute(EventFiringTaskExecuter.java:52)
        at org.gradle.execution.plan.LocalTaskNodeExecutor.execute(LocalTaskNodeExecutor.java:42)
        at org.gradle.execution.taskgraph.DefaultTaskExecutionGraph$InvokeNodeExecutorsAction.execute(DefaultTaskExecutionGraph.java:331)
        at org.gradle.execution.taskgraph.DefaultTaskExecutionGraph$InvokeNodeExecutorsAction.execute(DefaultTaskExecutionGraph.java:318)
        at org.gradle.execution.taskgraph.DefaultTaskExecutionGraph$BuildOperationAwareExecutionAction.lambda$execute$0(DefaultTaskExecutionGraph.java:314)
        at org.gradle.internal.operations.CurrentBuildOperationRef.with(CurrentBuildOperationRef.java:85)
        at org.gradle.execution.taskgraph.DefaultTaskExecutionGraph$BuildOperationAwareExecutionAction.execute(DefaultTaskExecutionGraph.java:314)
        at org.gradle.execution.taskgraph.DefaultTaskExecutionGraph$BuildOperationAwareExecutionAction.execute(DefaultTaskExecutionGraph.java:303)
        at org.gradle.execution.plan.DefaultPlanExecutor$ExecutorWorker.execute(DefaultPlanExecutor.java:459)
        at org.gradle.execution.plan.DefaultPlanExecutor$ExecutorWorker.run(DefaultPlanExecutor.java:376)
        at org.gradle.internal.concurrent.ExecutorPolicy$CatchAndRecordFailures.onExecute(ExecutorPolicy.java:64)
        at org.gradle.internal.concurrent.AbstractManagedExecutor$1.run(AbstractManagedExecutor.java:48)
Caused by: com.android.builder.errors.EvalIssueException: [CXX1429] error when building with cmake using D:\appy\meetkats - Copy\meetkats\node_modules\react-native\ReactAndroid\cmake-utils\default-app-setup\CMakeLists.txt: -- The C compiler identification is Clang 17.0.2
-- The CXX compiler identification is Clang 17.0.2
-- Detecting C compiler ABI info
-- Detecting C compiler ABI info - done
-- Check for working C compiler: C:/Users/adity/AppData/Local/Android/Sdk/ndk/26.1.10909125/toolchains/llvm/prebuilt/windows-x86_64/bin/clang.exe - skipped
-- Detecting C compile features
-- Detecting C compile features - done
-- Detecting CXX compiler ABI info
-- Detecting CXX compiler ABI info - done
-- Check for working CXX compiler: C:/Users/adity/AppData/Local/Android/Sdk/ndk/26.1.10909125/toolchains/llvm/prebuilt/windows-x86_64/bin/clang++.exe - skipped
-- Detecting CXX compile features
-- Detecting CXX compile features - done
-- Configuring incomplete, errors occurred!
See also "D:/appy/meetkats - Copy/meetkats/android/app/.cxx/RelWithDebInfo/65x3r466/arm64-v8a/CMakeFiles/CMakeOutput.log".      

C++ build system [configure] failed while executing:
    @echo off
    "C:\\Users\\adity\\AppData\\Local\\Android\\Sdk\\cmake\\3.22.1\\bin\\cmake.exe" ^
      "-HD:\\appy\\meetkats - Copy\\meetkats\\node_modules\\react-native\\ReactAndroid\\cmake-utils\\default-app-setup" ^       
      "-DCMAKE_SYSTEM_NAME=Android" ^
      "-DCMAKE_EXPORT_COMPILE_COMMANDS=ON" ^
      "-DCMAKE_SYSTEM_VERSION=24" ^
      "-DANDROID_PLATFORM=android-24" ^
      "-DANDROID_ABI=arm64-v8a" ^
      "-DCMAKE_ANDROID_ARCH_ABI=arm64-v8a" ^
      "-DANDROID_NDK=C:\\Users\\adity\\AppData\\Local\\Android\\Sdk\\ndk\\26.1.10909125" ^
      "-DCMAKE_ANDROID_NDK=C:\\Users\\adity\\AppData\\Local\\Android\\Sdk\\ndk\\26.1.10909125" ^
      "-DCMAKE_TOOLCHAIN_FILE=C:\\Users\\adity\\AppData\\Local\\Android\\Sdk\\ndk\\26.1.10909125\\build\\cmake\\android.toolchain.cmake" ^
      "-DCMAKE_MAKE_PROGRAM=C:\\Users\\adity\\AppData\\Local\\Android\\Sdk\\cmake\\3.22.1\\bin\\ninja.exe" ^
      "-DCMAKE_LIBRARY_OUTPUT_DIRECTORY=D:\\appy\\meetkats - Copy\\meetkats\\android\\app\\build\\intermediates\\cxx\\RelWithDebInfo\\65x3r466\\obj\\arm64-v8a" ^
      "-DCMAKE_RUNTIME_OUTPUT_DIRECTORY=D:\\appy\\meetkats - Copy\\meetkats\\android\\app\\build\\intermediates\\cxx\\RelWithDebInfo\\65x3r466\\obj\\arm64-v8a" ^
      "-DCMAKE_BUILD_TYPE=RelWithDebInfo" ^
      "-DCMAKE_FIND_ROOT_PATH=D:\\appy\\meetkats - Copy\\meetkats\\android\\app\\.cxx\\RelWithDebInfo\\65x3r466\\prefab\\arm64-v8a\\prefab" ^
      "-BD:\\appy\\meetkats - Copy\\meetkats\\android\\app\\.cxx\\RelWithDebInfo\\65x3r466\\arm64-v8a" ^
      -GNinja ^
      "-DPROJECT_BUILD_DIR=D:\\appy\\meetkats - Copy\\meetkats\\android\\app\\build" ^
      "-DREACT_ANDROID_DIR=D:\\appy\\meetkats - Copy\\meetkats\\node_modules\\react-native\\ReactAndroid" ^
      "-DANDROID_STL=c++_shared" ^
      "-DANDROID_USE_LEGACY_TOOLCHAIN_FILE=ON"
  from D:\appy\meetkats - Copy\meetkats\android\app
CMake Error at D:/appy/meetkats - Copy/meetkats/android/app/build/generated/autolinking/src/main/jni/Android-autolinking.cmake:9 (add_subdirectory):
  add_subdirectory given source
  "D:/appy/meetkats/node_modules/@react-native-async-storage/async-storage/android/build/generated/source/codegen/jni/"
  which is not an existing directory.
Call Stack (most recent call first):
  D:/appy/meetkats - Copy/meetkats/node_modules/react-native/ReactAndroid/cmake-utils/ReactNative-application.cmake:100 (include)
  CMakeLists.txt:31 (include)


CMake Error at D:/appy/meetkats - Copy/meetkats/android/app/build/generated/autolinking/src/main/jni/Android-autolinking.cmake:10 (add_subdirectory):
  add_subdirectory given source
  "D:/appy/meetkats/node_modules/@react-native-community/datetimepicker/android/build/generated/source/codegen/jni/"
  which is not an existing directory.
Call Stack (most recent call first):
  D:/appy/meetkats - Copy/meetkats/node_modules/react-native/ReactAndroid/cmake-utils/ReactNative-application.cmake:100 (include)
  CMakeLists.txt:31 (include)


CMake Error at D:/appy/meetkats - Copy/meetkats/android/app/build/generated/autolinking/src/main/jni/Android-autolinking.cmake:14 (add_subdirectory):
  add_subdirectory given source
  "D:/appy/meetkats/node_modules/@react-native-google-signin/google-signin/android/build/generated/source/codegen/jni/"
  which is not an existing directory.
Call Stack (most recent call first):
  D:/appy/meetkats - Copy/meetkats/node_modules/react-native/ReactAndroid/cmake-utils/ReactNative-application.cmake:100 (include)
  CMakeLists.txt:31 (include)


CMake Error at D:/appy/meetkats - Copy/meetkats/android/app/build/generated/autolinking/src/main/jni/Android-autolinking.cmake:17 (add_subdirectory):
  add_subdirectory given source
  "D:/appy/meetkats/node_modules/react-native-gesture-handler/android/build/generated/source/codegen/jni/"
  which is not an existing directory.
Call Stack (most recent call first):
  D:/appy/meetkats - Copy/meetkats/node_modules/react-native/ReactAndroid/cmake-utils/ReactNative-application.cmake:100 (include)
  CMakeLists.txt:31 (include)


CMake Error at D:/appy/meetkats - Copy/meetkats/android/app/build/generated/autolinking/src/main/jni/Android-autolinking.cmake:19 (add_subdirectory):
  add_subdirectory given source
  "D:/appy/meetkats/node_modules/react-native-reanimated/android/build/generated/source/codegen/jni/"
  which is not an existing directory.
Call Stack (most recent call first):
  D:/appy/meetkats - Copy/meetkats/node_modules/react-native/ReactAndroid/cmake-utils/ReactNative-application.cmake:100 (include)
  CMakeLists.txt:31 (include)


CMake Error at D:/appy/meetkats - Copy/meetkats/node_modules/react-native/ReactAndroid/cmake-utils/ReactNative-application.cmake:103 (target_link_libraries):
  Cannot specify link libraries for target "react_codegen_rnasyncstorage"
  which is not built by this project.
Call Stack (most recent call first):
  CMakeLists.txt:31 (include) : com.android.ide.common.process.ProcessException: -- The C compiler identification is Clang 17.0.2
-- The CXX compiler identification is Clang 17.0.2
-- Detecting C compiler ABI info
-- Detecting C compiler ABI info - done
-- Check for working C compiler: C:/Users/adity/AppData/Local/Android/Sdk/ndk/26.1.10909125/toolchains/llvm/prebuilt/windows-x86_64/bin/clang.exe - skipped
-- Detecting C compile features
-- Detecting C compile features - done
-- Detecting CXX compiler ABI info
-- Detecting CXX compiler ABI info - done
-- Check for working CXX compiler: C:/Users/adity/AppData/Local/Android/Sdk/ndk/26.1.10909125/toolchains/llvm/prebuilt/windows-x86_64/bin/clang++.exe - skipped
-- Detecting CXX compile features
-- Detecting CXX compile features - done
-- Configuring incomplete, errors occurred!
See also "D:/appy/meetkats - Copy/meetkats/android/app/.cxx/RelWithDebInfo/65x3r466/arm64-v8a/CMakeFiles/CMakeOutput.log".      

C++ build system [configure] failed while executing:
    @echo off
    "C:\\Users\\adity\\AppData\\Local\\Android\\Sdk\\cmake\\3.22.1\\bin\\cmake.exe" ^
      "-HD:\\appy\\meetkats - Copy\\meetkats\\node_modules\\react-native\\ReactAndroid\\cmake-utils\\default-app-setup" ^       
      "-DCMAKE_SYSTEM_NAME=Android" ^
      "-DCMAKE_EXPORT_COMPILE_COMMANDS=ON" ^
      "-DCMAKE_SYSTEM_VERSION=24" ^
      "-DANDROID_PLATFORM=android-24" ^
      "-DANDROID_ABI=arm64-v8a" ^
      "-DCMAKE_ANDROID_ARCH_ABI=arm64-v8a" ^
      "-DANDROID_NDK=C:\\Users\\adity\\AppData\\Local\\Android\\Sdk\\ndk\\26.1.10909125" ^
      "-DCMAKE_ANDROID_NDK=C:\\Users\\adity\\AppData\\Local\\Android\\Sdk\\ndk\\26.1.10909125" ^
      "-DCMAKE_TOOLCHAIN_FILE=C:\\Users\\adity\\AppData\\Local\\Android\\Sdk\\ndk\\26.1.10909125\\build\\cmake\\android.toolchain.cmake" ^
      "-DCMAKE_MAKE_PROGRAM=C:\\Users\\adity\\AppData\\Local\\Android\\Sdk\\cmake\\3.22.1\\bin\\ninja.exe" ^
      "-DCMAKE_LIBRARY_OUTPUT_DIRECTORY=D:\\appy\\meetkats - Copy\\meetkats\\android\\app\\build\\intermediates\\cxx\\RelWithDebInfo\\65x3r466\\obj\\arm64-v8a" ^
      "-DCMAKE_RUNTIME_OUTPUT_DIRECTORY=D:\\appy\\meetkats - Copy\\meetkats\\android\\app\\build\\intermediates\\cxx\\RelWithDebInfo\\65x3r466\\obj\\arm64-v8a" ^
      "-DCMAKE_BUILD_TYPE=RelWithDebInfo" ^
      "-DCMAKE_FIND_ROOT_PATH=D:\\appy\\meetkats - Copy\\meetkats\\android\\app\\.cxx\\RelWithDebInfo\\65x3r466\\prefab\\arm64-v8a\\prefab" ^
      "-BD:\\appy\\meetkats - Copy\\meetkats\\android\\app\\.cxx\\RelWithDebInfo\\65x3r466\\arm64-v8a" ^
      -GNinja ^
      "-DPROJECT_BUILD_DIR=D:\\appy\\meetkats - Copy\\meetkats\\android\\app\\build" ^
      "-DREACT_ANDROID_DIR=D:\\appy\\meetkats - Copy\\meetkats\\node_modules\\react-native\\ReactAndroid" ^
      "-DANDROID_STL=c++_shared" ^
      "-DANDROID_USE_LEGACY_TOOLCHAIN_FILE=ON"
  from D:\appy\meetkats - Copy\meetkats\android\app
CMake Error at D:/appy/meetkats - Copy/meetkats/android/app/build/generated/autolinking/src/main/jni/Android-autolinking.cmake:9 (add_subdirectory):
  add_subdirectory given source
  "D:/appy/meetkats/node_modules/@react-native-async-storage/async-storage/android/build/generated/source/codegen/jni/"
  which is not an existing directory.
Call Stack (most recent call first):
  D:/appy/meetkats - Copy/meetkats/node_modules/react-native/ReactAndroid/cmake-utils/ReactNative-application.cmake:100 (include)
  CMakeLists.txt:31 (include)


CMake Error at D:/appy/meetkats - Copy/meetkats/android/app/build/generated/autolinking/src/main/jni/Android-autolinking.cmake:10 (add_subdirectory):
  add_subdirectory given source
  "D:/appy/meetkats/node_modules/@react-native-community/datetimepicker/android/build/generated/source/codegen/jni/"
  which is not an existing directory.
Call Stack (most recent call first):
  D:/appy/meetkats - Copy/meetkats/node_modules/react-native/ReactAndroid/cmake-utils/ReactNative-application.cmake:100 (include)
  CMakeLists.txt:31 (include)


CMake Error at D:/appy/meetkats - Copy/meetkats/android/app/build/generated/autolinking/src/main/jni/Android-autolinking.cmake:14 (add_subdirectory):
  add_subdirectory given source
  "D:/appy/meetkats/node_modules/@react-native-google-signin/google-signin/android/build/generated/source/codegen/jni/"
  which is not an existing directory.
Call Stack (most recent call first):
  D:/appy/meetkats - Copy/meetkats/node_modules/react-native/ReactAndroid/cmake-utils/ReactNative-application.cmake:100 (include)
  CMakeLists.txt:31 (include)


CMake Error at D:/appy/meetkats - Copy/meetkats/android/app/build/generated/autolinking/src/main/jni/Android-autolinking.cmake:17 (add_subdirectory):
  add_subdirectory given source
  "D:/appy/meetkats/node_modules/react-native-gesture-handler/android/build/generated/source/codegen/jni/"
  which is not an existing directory.
Call Stack (most recent call first):
  D:/appy/meetkats - Copy/meetkats/node_modules/react-native/ReactAndroid/cmake-utils/ReactNative-application.cmake:100 (include)
  CMakeLists.txt:31 (include)


CMake Error at D:/appy/meetkats - Copy/meetkats/android/app/build/generated/autolinking/src/main/jni/Android-autolinking.cmake:19 (add_subdirectory):
  add_subdirectory given source
  "D:/appy/meetkats/node_modules/react-native-reanimated/android/build/generated/source/codegen/jni/"
  which is not an existing directory.
Call Stack (most recent call first):
  D:/appy/meetkats - Copy/meetkats/node_modules/react-native/ReactAndroid/cmake-utils/ReactNative-application.cmake:100 (include)
  CMakeLists.txt:31 (include)


CMake Error at D:/appy/meetkats - Copy/meetkats/node_modules/react-native/ReactAndroid/cmake-utils/ReactNative-application.cmake:103 (target_link_libraries):
  Cannot specify link libraries for target "react_codegen_rnasyncstorage"
  which is not built by this project.
Call Stack (most recent call first):
  CMakeLists.txt:31 (include)
        at com.android.build.gradle.internal.cxx.process.ExecuteProcessKt.execute(ExecuteProcess.kt:288)
        at com.android.build.gradle.internal.cxx.process.ExecuteProcessKt$executeProcess$1.invoke(ExecuteProcess.kt:108)        
        at com.android.build.gradle.internal.cxx.process.ExecuteProcessKt$executeProcess$1.invoke(ExecuteProcess.kt:106)        
        at com.android.build.gradle.internal.cxx.timing.TimingEnvironmentKt.time(TimingEnvironment.kt:32)
        at com.android.build.gradle.internal.cxx.process.ExecuteProcessKt.executeProcess(ExecuteProcess.kt:106)
        at com.android.build.gradle.internal.cxx.process.ExecuteProcessKt.executeProcess$default(ExecuteProcess.kt:85)
        at com.android.build.gradle.tasks.CmakeQueryMetadataGenerator.executeProcess(CmakeFileApiMetadataGenerator.kt:59)       
        at com.android.build.gradle.tasks.ExternalNativeJsonGenerator$configureOneAbi$1$1$3.invoke(ExternalNativeJsonGenerator.kt:247)
        at com.android.build.gradle.tasks.ExternalNativeJsonGenerator$configureOneAbi$1$1$3.invoke(ExternalNativeJsonGenerator.kt:247)
        at com.android.build.gradle.internal.cxx.timing.TimingEnvironmentKt.time(TimingEnvironment.kt:32)
        at com.android.build.gradle.tasks.ExternalNativeJsonGenerator.configureOneAbi(ExternalNativeJsonGenerator.kt:247)       
        at com.android.build.gradle.tasks.ExternalNativeJsonGenerator.configure(ExternalNativeJsonGenerator.kt:113)
        at com.android.build.gradle.tasks.ExternalNativeBuildJsonTask.doTaskAction(ExternalNativeBuildJsonTask.kt:89)
        at com.android.build.gradle.internal.tasks.UnsafeOutputsTask$taskAction$$inlined$recordTaskAction$1.invoke(BaseTask.kt:66)
        at com.android.build.gradle.internal.tasks.Blocks.recordSpan(Blocks.java:51)
        at com.android.build.gradle.internal.tasks.UnsafeOutputsTask.taskAction(UnsafeOutputsTask.kt:81)
        at jdk.internal.reflect.GeneratedMethodAccessor1150.invoke(Unknown Source)
        at java.base/jdk.internal.reflect.DelegatingMethodAccessorImpl.invoke(DelegatingMethodAccessorImpl.java:43)
        at java.base/java.lang.reflect.Method.invoke(Method.java:568)
        at org.gradle.internal.reflect.JavaMethod.invoke(JavaMethod.java:125)
        at org.gradle.api.internal.project.taskfactory.StandardTaskAction.doExecute(StandardTaskAction.java:58)
        at org.gradle.api.internal.project.taskfactory.StandardTaskAction.execute(StandardTaskAction.java:51)
        at org.gradle.api.internal.project.taskfactory.StandardTaskAction.execute(StandardTaskAction.java:29)
        at org.gradle.api.internal.tasks.execution.TaskExecution$3.run(TaskExecution.java:244)
        at org.gradle.internal.operations.DefaultBuildOperationRunner$1.execute(DefaultBuildOperationRunner.java:29)
        at org.gradle.internal.operations.DefaultBuildOperationRunner$1.execute(DefaultBuildOperationRunner.java:26)
        at org.gradle.internal.operations.DefaultBuildOperationRunner$2.execute(DefaultBuildOperationRunner.java:66)
        at org.gradle.internal.operations.DefaultBuildOperationRunner$2.execute(DefaultBuildOperationRunner.java:59)
        at org.gradle.internal.operations.DefaultBuildOperationRunner.execute(DefaultBuildOperationRunner.java:166)
        at org.gradle.internal.operations.DefaultBuildOperationRunner.execute(DefaultBuildOperationRunner.java:59)
        at org.gradle.internal.operations.DefaultBuildOperationRunner.run(DefaultBuildOperationRunner.java:47)
        at org.gradle.api.internal.tasks.execution.TaskExecution.executeAction(TaskExecution.java:229)
        at org.gradle.api.internal.tasks.execution.TaskExecution.executeActions(TaskExecution.java:212)
        at org.gradle.api.internal.tasks.execution.TaskExecution.executeWithPreviousOutputFiles(TaskExecution.java:195)
        at org.gradle.api.internal.tasks.execution.TaskExecution.execute(TaskExecution.java:162)
        at org.gradle.internal.execution.steps.ExecuteStep.executeInternal(ExecuteStep.java:105)
        at org.gradle.internal.execution.steps.ExecuteStep.access$000(ExecuteStep.java:44)
        at org.gradle.internal.execution.steps.ExecuteStep$1.call(ExecuteStep.java:59)
        at org.gradle.internal.execution.steps.ExecuteStep$1.call(ExecuteStep.java:56)
        at org.gradle.internal.operations.DefaultBuildOperationRunner$CallableBuildOperationWorker.execute(DefaultBuildOperationRunner.java:209)
        at org.gradle.internal.operations.DefaultBuildOperationRunner$CallableBuildOperationWorker.execute(DefaultBuildOperationRunner.java:204)
        at org.gradle.internal.operations.DefaultBuildOperationRunner$2.execute(DefaultBuildOperationRunner.java:66)
        at org.gradle.internal.operations.DefaultBuildOperationRunner$2.execute(DefaultBuildOperationRunner.java:59)
        at org.gradle.internal.operations.DefaultBuildOperationRunner.execute(DefaultBuildOperationRunner.java:166)
        at org.gradle.internal.operations.DefaultBuildOperationRunner.execute(DefaultBuildOperationRunner.java:59)
        at org.gradle.internal.operations.DefaultBuildOperationRunner.call(DefaultBuildOperationRunner.java:53)
        at org.gradle.internal.execution.steps.ExecuteStep.execute(ExecuteStep.java:56)
        at org.gradle.internal.execution.steps.ExecuteStep.execute(ExecuteStep.java:44)
        at org.gradle.internal.execution.steps.CancelExecutionStep.execute(CancelExecutionStep.java:42)
        at org.gradle.internal.execution.steps.TimeoutStep.executeWithoutTimeout(TimeoutStep.java:75)
        at org.gradle.internal.execution.steps.TimeoutStep.execute(TimeoutStep.java:55)
        at org.gradle.internal.execution.steps.PreCreateOutputParentsStep.execute(PreCreateOutputParentsStep.java:50)
        at org.gradle.internal.execution.steps.PreCreateOutputParentsStep.execute(PreCreateOutputParentsStep.java:28)
        at org.gradle.internal.execution.steps.RemovePreviousOutputsStep.execute(RemovePreviousOutputsStep.java:67)
        at org.gradle.internal.execution.steps.RemovePreviousOutputsStep.execute(RemovePreviousOutputsStep.java:37)
        at org.gradle.internal.execution.steps.BroadcastChangingOutputsStep.execute(BroadcastChangingOutputsStep.java:61)       
        at org.gradle.internal.execution.steps.BroadcastChangingOutputsStep.execute(BroadcastChangingOutputsStep.java:26)       
        at org.gradle.internal.execution.steps.CaptureOutputsAfterExecutionStep.execute(CaptureOutputsAfterExecutionStep.java:69)
        at org.gradle.internal.execution.steps.CaptureOutputsAfterExecutionStep.execute(CaptureOutputsAfterExecutionStep.java:46)
        at org.gradle.internal.execution.steps.ResolveInputChangesStep.execute(ResolveInputChangesStep.java:40)
        at org.gradle.internal.execution.steps.ResolveInputChangesStep.execute(ResolveInputChangesStep.java:29)
        at org.gradle.internal.execution.steps.BuildCacheStep.executeWithoutCache(BuildCacheStep.java:189)
        at org.gradle.internal.execution.steps.BuildCacheStep.lambda$execute$1(BuildCacheStep.java:75)
        at org.gradle.internal.Either$Right.fold(Either.java:175)
        at org.gradle.internal.execution.caching.CachingState.fold(CachingState.java:62)
        at org.gradle.internal.execution.steps.BuildCacheStep.execute(BuildCacheStep.java:73)
        at org.gradle.internal.execution.steps.BuildCacheStep.execute(BuildCacheStep.java:48)
        at org.gradle.internal.execution.steps.StoreExecutionStateStep.execute(StoreExecutionStateStep.java:46)
        at org.gradle.internal.execution.steps.StoreExecutionStateStep.execute(StoreExecutionStateStep.java:35)
        at org.gradle.internal.execution.steps.SkipUpToDateStep.executeBecause(SkipUpToDateStep.java:75)
        at org.gradle.internal.execution.steps.SkipUpToDateStep.lambda$execute$2(SkipUpToDateStep.java:53)
        at java.base/java.util.Optional.orElseGet(Optional.java:364)
        at org.gradle.internal.execution.steps.SkipUpToDateStep.execute(SkipUpToDateStep.java:53)
        at org.gradle.internal.execution.steps.SkipUpToDateStep.execute(SkipUpToDateStep.java:35)
        at org.gradle.internal.execution.steps.legacy.MarkSnapshottingInputsFinishedStep.execute(MarkSnapshottingInputsFinishedStep.java:37)
        at org.gradle.internal.execution.steps.legacy.MarkSnapshottingInputsFinishedStep.execute(MarkSnapshottingInputsFinishedStep.java:27)
        at org.gradle.internal.execution.steps.ResolveIncrementalCachingStateStep.executeDelegate(ResolveIncrementalCachingStateStep.java:49)
        at org.gradle.internal.execution.steps.ResolveIncrementalCachingStateStep.executeDelegate(ResolveIncrementalCachingStateStep.java:27)
        at org.gradle.internal.execution.steps.AbstractResolveCachingStateStep.execute(AbstractResolveCachingStateStep.java:71) 
        at org.gradle.internal.execution.steps.AbstractResolveCachingStateStep.execute(AbstractResolveCachingStateStep.java:39) 
        at org.gradle.internal.execution.steps.ResolveChangesStep.execute(ResolveChangesStep.java:65)
        at org.gradle.internal.execution.steps.ResolveChangesStep.execute(ResolveChangesStep.java:36)
        at org.gradle.internal.execution.steps.ValidateStep.execute(ValidateStep.java:107)
        at org.gradle.internal.execution.steps.ValidateStep.execute(ValidateStep.java:56)
        at org.gradle.internal.execution.steps.AbstractCaptureStateBeforeExecutionStep.execute(AbstractCaptureStateBeforeExecutionStep.java:64)
        at org.gradle.internal.execution.steps.AbstractCaptureStateBeforeExecutionStep.execute(AbstractCaptureStateBeforeExecutionStep.java:43)
        at org.gradle.internal.execution.steps.AbstractSkipEmptyWorkStep.executeWithNonEmptySources(AbstractSkipEmptyWorkStep.java:125)
        at org.gradle.internal.execution.steps.AbstractSkipEmptyWorkStep.execute(AbstractSkipEmptyWorkStep.java:56)
        at org.gradle.internal.execution.steps.AbstractSkipEmptyWorkStep.execute(AbstractSkipEmptyWorkStep.java:36)
        at org.gradle.internal.execution.steps.legacy.MarkSnapshottingInputsStartedStep.execute(MarkSnapshottingInputsStartedStep.java:38)
        at org.gradle.internal.execution.steps.LoadPreviousExecutionStateStep.execute(LoadPreviousExecutionStateStep.java:36)   
        at org.gradle.internal.execution.steps.LoadPreviousExecutionStateStep.execute(LoadPreviousExecutionStateStep.java:23)   
        at org.gradle.internal.execution.steps.HandleStaleOutputsStep.execute(HandleStaleOutputsStep.java:75)
        at org.gradle.internal.execution.steps.HandleStaleOutputsStep.execute(HandleStaleOutputsStep.java:41)
        at org.gradle.internal.execution.steps.AssignMutableWorkspaceStep.lambda$execute$0(AssignMutableWorkspaceStep.java:35)  
        at org.gradle.api.internal.tasks.execution.TaskExecution$4.withWorkspace(TaskExecution.java:289)
        at org.gradle.internal.execution.steps.AssignMutableWorkspaceStep.execute(AssignMutableWorkspaceStep.java:31)
        at org.gradle.internal.execution.steps.AssignMutableWorkspaceStep.execute(AssignMutableWorkspaceStep.java:22)
        at org.gradle.internal.execution.steps.ChoosePipelineStep.execute(ChoosePipelineStep.java:40)
        at org.gradle.internal.execution.steps.ChoosePipelineStep.execute(ChoosePipelineStep.java:23)
        at org.gradle.internal.execution.steps.ExecuteWorkBuildOperationFiringStep.lambda$execute$2(ExecuteWorkBuildOperationFiringStep.java:67)
        at java.base/java.util.Optional.orElseGet(Optional.java:364)
        at org.gradle.internal.execution.steps.ExecuteWorkBuildOperationFiringStep.execute(ExecuteWorkBuildOperationFiringStep.java:67)
        at org.gradle.internal.execution.steps.ExecuteWorkBuildOperationFiringStep.execute(ExecuteWorkBuildOperationFiringStep.java:39)
        at org.gradle.internal.execution.steps.IdentityCacheStep.execute(IdentityCacheStep.java:46)
        at org.gradle.internal.execution.steps.IdentityCacheStep.execute(IdentityCacheStep.java:34)
        at org.gradle.internal.execution.steps.IdentifyStep.execute(IdentifyStep.java:48)
        at org.gradle.internal.execution.steps.IdentifyStep.execute(IdentifyStep.java:35)
        at org.gradle.internal.execution.impl.DefaultExecutionEngine$1.execute(DefaultExecutionEngine.java:61)
        at org.gradle.api.internal.tasks.execution.ExecuteActionsTaskExecuter.executeIfValid(ExecuteActionsTaskExecuter.java:127)
        at org.gradle.api.internal.tasks.execution.ExecuteActionsTaskExecuter.execute(ExecuteActionsTaskExecuter.java:116)      
        at org.gradle.api.internal.tasks.execution.FinalizePropertiesTaskExecuter.execute(FinalizePropertiesTaskExecuter.java:46)
        at org.gradle.api.internal.tasks.execution.ResolveTaskExecutionModeExecuter.execute(ResolveTaskExecutionModeExecuter.java:51)
        at org.gradle.api.internal.tasks.execution.SkipTaskWithNoActionsExecuter.execute(SkipTaskWithNoActionsExecuter.java:57) 
        at org.gradle.api.internal.tasks.execution.SkipOnlyIfTaskExecuter.execute(SkipOnlyIfTaskExecuter.java:74)
        at org.gradle.api.internal.tasks.execution.CatchExceptionTaskExecuter.execute(CatchExceptionTaskExecuter.java:36)       
        at org.gradle.api.internal.tasks.execution.EventFiringTaskExecuter$1.executeTask(EventFiringTaskExecuter.java:77)       
        at org.gradle.api.internal.tasks.execution.EventFiringTaskExecuter$1.call(EventFiringTaskExecuter.java:55)
        at org.gradle.api.internal.tasks.execution.EventFiringTaskExecuter$1.call(EventFiringTaskExecuter.java:52)
        at org.gradle.internal.operations.DefaultBuildOperationRunner$CallableBuildOperationWorker.execute(DefaultBuildOperationRunner.java:209)
        at org.gradle.internal.operations.DefaultBuildOperationRunner$CallableBuildOperationWorker.execute(DefaultBuildOperationRunner.java:204)
        at org.gradle.internal.operations.DefaultBuildOperationRunner$2.execute(DefaultBuildOperationRunner.java:66)
        at org.gradle.internal.operations.DefaultBuildOperationRunner$2.execute(DefaultBuildOperationRunner.java:59)
        at org.gradle.internal.operations.DefaultBuildOperationRunner.execute(DefaultBuildOperationRunner.java:166)
        at org.gradle.internal.operations.DefaultBuildOperationRunner.execute(DefaultBuildOperationRunner.java:59)
        at org.gradle.internal.operations.DefaultBuildOperationRunner.call(DefaultBuildOperationRunner.java:53)
        at org.gradle.api.internal.tasks.execution.EventFiringTaskExecuter.execute(EventFiringTaskExecuter.java:52)
        at org.gradle.execution.plan.LocalTaskNodeExecutor.execute(LocalTaskNodeExecutor.java:42)
        at org.gradle.execution.taskgraph.DefaultTaskExecutionGraph$InvokeNodeExecutorsAction.execute(DefaultTaskExecutionGraph.java:331)
        at org.gradle.execution.taskgraph.DefaultTaskExecutionGraph$InvokeNodeExecutorsAction.execute(DefaultTaskExecutionGraph.java:318)
        at org.gradle.execution.taskgraph.DefaultTaskExecutionGraph$BuildOperationAwareExecutionAction.lambda$execute$0(DefaultTaskExecutionGraph.java:314)
        at org.gradle.internal.operations.CurrentBuildOperationRef.with(CurrentBuildOperationRef.java:85)
        at org.gradle.execution.taskgraph.DefaultTaskExecutionGraph$BuildOperationAwareExecutionAction.execute(DefaultTaskExecutionGraph.java:314)
        at org.gradle.execution.taskgraph.DefaultTaskExecutionGraph$BuildOperationAwareExecutionAction.execute(DefaultTaskExecutionGraph.java:303)
        at org.gradle.execution.plan.DefaultPlanExecutor$ExecutorWorker.execute(DefaultPlanExecutor.java:459)
        at org.gradle.execution.plan.DefaultPlanExecutor$ExecutorWorker.run(DefaultPlanExecutor.java:376)
        at org.gradle.internal.concurrent.ExecutorPolicy$CatchAndRecordFailures.onExecute(ExecutorPolicy.java:64)
        at org.gradle.internal.concurrent.AbstractManagedExecutor$1.run(AbstractManagedExecutor.java:48)
        at java.base/java.util.concurrent.ThreadPoolExecutor.runWorker(ThreadPoolExecutor.java:1136)
        at java.base/java.util.concurrent.ThreadPoolExecutor$Worker.run(ThreadPoolExecutor.java:635)
        at java.base/java.lang.Thread.run(Thread.java:842)
Caused by: com.android.ide.common.process.ProcessException: Error while executing process C:\Users\adity\AppData\Local\Android\Sdk\cmake\3.22.1\bin\cmake.exe with arguments {-HD:\appy\meetkats - Copy\meetkats\node_modules\react-native\ReactAndroid\cmake-utils\default-app-setup -DCMAKE_SYSTEM_NAME=Android -DCMAKE_EXPORT_COMPILE_COMMANDS=ON -DCMAKE_SYSTEM_VERSION=24 -DANDROID_PLATFORM=android-24 -DANDROID_ABI=arm64-v8a -DCMAKE_ANDROID_ARCH_ABI=arm64-v8a -DANDROID_NDK=C:\Users\adity\AppData\Local\Android\Sdk\ndk\26.1.10909125 -DCMAKE_ANDROID_NDK=C:\Users\adity\AppData\Local\Android\Sdk\ndk\26.1.10909125 -DCMAKE_TOOLCHAIN_FILE=C:\Users\adity\AppData\Local\Android\Sdk\ndk\26.1.10909125\build\cmake\android.toolchain.cmake -DCMAKE_MAKE_PROGRAM=C:\Users\adity\AppData\Local\Android\Sdk\cmake\3.22.1\bin\ninja.exe -DCMAKE_LIBRARY_OUTPUT_DIRECTORY=D:\appy\meetkats - Copy\meetkats\android\app\build\intermediates\cxx\RelWithDebInfo\65x3r466\obj\arm64-v8a -DCMAKE_RUNTIME_OUTPUT_DIRECTORY=D:\appy\meetkats - Copy\meetkats\android\app\build\intermediates\cxx\RelWithDebInfo\65x3r466\obj\arm64-v8a -DCMAKE_BUILD_TYPE=RelWithDebInfo -DCMAKE_FIND_ROOT_PATH=D:\appy\meetkats - Copy\meetkats\android\app\.cxx\RelWithDebInfo\65x3r466\prefab\arm64-v8a\prefab -BD:\appy\meetkats - Copy\meetkats\android\app\.cxx\RelWithDebInfo\65x3r466\arm64-v8a -GNinja -DPROJECT_BUILD_DIR=D:\appy\meetkats - Copy\meetkats\android\app\build -DREACT_ANDROID_DIR=D:\appy\meetkats - Copy\meetkats\node_modules\react-native\ReactAndroid -DANDROID_STL=c++_shared -DANDROID_USE_LEGACY_TOOLCHAIN_FILE=ON}
        at com.android.build.gradle.internal.process.GradleProcessResult.buildProcessException(GradleProcessResult.java:73)     
        at com.android.build.gradle.internal.process.GradleProcessResult.assertNormalExitValue(GradleProcessResult.java:48)     
        at com.android.build.gradle.internal.cxx.process.ExecuteProcessKt.execute(ExecuteProcess.kt:277)
        ... 140 more
Caused by: org.gradle.process.internal.ExecException: Process 'command 'C:\Users\adity\AppData\Local\Android\Sdk\cmake\3.22.1\bin\cmake.exe'' finished with non-zero exit value 1
        at org.gradle.process.internal.DefaultExecHandle$ExecResultImpl.assertNormalExitValue(DefaultExecHandle.java:442)
        at com.android.build.gradle.internal.process.GradleProcessResult.assertNormalExitValue(GradleProcessResult.java:46)     
        ... 141 more

        at com.android.builder.errors.IssueReporter.reportError(IssueReporter.kt:118)
        at com.android.builder.errors.IssueReporter.reportError$default(IssueReporter.kt:114)
        at com.android.build.gradle.internal.cxx.logging.IssueReporterLoggingEnvironment.log(IssueReporterLoggingEnvironment.kt:113)
        at com.android.build.gradle.internal.cxx.logging.ThreadLoggingEnvironment$Companion.reportFormattedErrorToCurrentLogger(LoggingEnvironment.kt:230)
        at com.android.build.gradle.internal.cxx.logging.LoggingEnvironmentKt.errorln(LoggingEnvironment.kt:62)
        at com.android.build.gradle.tasks.ExternalNativeJsonGenerator.configure(ExternalNativeJsonGenerator.kt:121)
        at com.android.build.gradle.tasks.ExternalNativeBuildJsonTask.doTaskAction(ExternalNativeBuildJsonTask.kt:89)
        at com.android.build.gradle.internal.tasks.UnsafeOutputsTask$taskAction$$inlined$recordTaskAction$1.invoke(BaseTask.kt:66)
        at com.android.build.gradle.internal.tasks.Blocks.recordSpan(Blocks.java:51)
        at com.android.build.gradle.internal.tasks.UnsafeOutputsTask.taskAction(UnsafeOutputsTask.kt:81)
        at jdk.internal.reflect.GeneratedMethodAccessor1150.invoke(Unknown Source)
        at java.base/jdk.internal.reflect.DelegatingMethodAccessorImpl.invoke(DelegatingMethodAccessorImpl.java:43)
        at org.gradle.internal.reflect.JavaMethod.invoke(JavaMethod.java:125)
        at org.gradle.api.internal.project.taskfactory.StandardTaskAction.doExecute(StandardTaskAction.java:58)
        at org.gradle.api.internal.project.taskfactory.StandardTaskAction.execute(StandardTaskAction.java:51)
        at org.gradle.api.internal.project.taskfactory.StandardTaskAction.execute(StandardTaskAction.java:29)
        at org.gradle.api.internal.tasks.execution.TaskExecution$3.run(TaskExecution.java:244)
        at org.gradle.internal.operations.DefaultBuildOperationRunner$1.execute(DefaultBuildOperationRunner.java:29)
        at org.gradle.internal.operations.DefaultBuildOperationRunner$1.execute(DefaultBuildOperationRunner.java:26)
        at org.gradle.internal.operations.DefaultBuildOperationRunner$2.execute(DefaultBuildOperationRunner.java:66)
        at org.gradle.internal.operations.DefaultBuildOperationRunner$2.execute(DefaultBuildOperationRunner.java:59)
        at org.gradle.internal.operations.DefaultBuildOperationRunner.execute(DefaultBuildOperationRunner.java:166)
        at org.gradle.internal.operations.DefaultBuildOperationRunner.execute(DefaultBuildOperationRunner.java:59)
        at org.gradle.internal.operations.DefaultBuildOperationRunner.run(DefaultBuildOperationRunner.java:47)
        at org.gradle.api.internal.tasks.execution.TaskExecution.executeAction(TaskExecution.java:229)
        at org.gradle.api.internal.tasks.execution.TaskExecution.executeActions(TaskExecution.java:212)
        at org.gradle.api.internal.tasks.execution.TaskExecution.executeWithPreviousOutputFiles(TaskExecution.java:195)
        at org.gradle.api.internal.tasks.execution.TaskExecution.execute(TaskExecution.java:162)
        at org.gradle.internal.execution.steps.ExecuteStep.executeInternal(ExecuteStep.java:105)
        at org.gradle.internal.execution.steps.ExecuteStep.access$000(ExecuteStep.java:44)
        at org.gradle.internal.execution.steps.ExecuteStep$1.call(ExecuteStep.java:59)
        at org.gradle.internal.execution.steps.ExecuteStep$1.call(ExecuteStep.java:56)
        at org.gradle.internal.operations.DefaultBuildOperationRunner$CallableBuildOperationWorker.execute(DefaultBuildOperationRunner.java:209)
        at org.gradle.internal.operations.DefaultBuildOperationRunner$CallableBuildOperationWorker.execute(DefaultBuildOperationRunner.java:204)
        at org.gradle.internal.operations.DefaultBuildOperationRunner$2.execute(DefaultBuildOperationRunner.java:66)
        at org.gradle.internal.operations.DefaultBuildOperationRunner$2.execute(DefaultBuildOperationRunner.java:59)
        at org.gradle.internal.operations.DefaultBuildOperationRunner.execute(DefaultBuildOperationRunner.java:166)
        at org.gradle.internal.operations.DefaultBuildOperationRunner.execute(DefaultBuildOperationRunner.java:59)
        at org.gradle.internal.operations.DefaultBuildOperationRunner.call(DefaultBuildOperationRunner.java:53)
        at org.gradle.internal.execution.steps.ExecuteStep.execute(ExecuteStep.java:56)
        at org.gradle.internal.execution.steps.ExecuteStep.execute(ExecuteStep.java:44)
        at org.gradle.internal.execution.steps.CancelExecutionStep.execute(CancelExecutionStep.java:42)
        at org.gradle.internal.execution.steps.TimeoutStep.executeWithoutTimeout(TimeoutStep.java:75)
        at org.gradle.internal.execution.steps.TimeoutStep.execute(TimeoutStep.java:55)
        at org.gradle.internal.execution.steps.PreCreateOutputParentsStep.execute(PreCreateOutputParentsStep.java:50)
        at org.gradle.internal.execution.steps.PreCreateOutputParentsStep.execute(PreCreateOutputParentsStep.java:28)
        at org.gradle.internal.execution.steps.RemovePreviousOutputsStep.execute(RemovePreviousOutputsStep.java:67)
        at org.gradle.internal.execution.steps.RemovePreviousOutputsStep.execute(RemovePreviousOutputsStep.java:37)
        at org.gradle.internal.execution.steps.BroadcastChangingOutputsStep.execute(BroadcastChangingOutputsStep.java:61)       
        at org.gradle.internal.execution.steps.BroadcastChangingOutputsStep.execute(BroadcastChangingOutputsStep.java:26)       
        at org.gradle.internal.execution.steps.CaptureOutputsAfterExecutionStep.execute(CaptureOutputsAfterExecutionStep.java:69)
        at org.gradle.internal.execution.steps.CaptureOutputsAfterExecutionStep.execute(CaptureOutputsAfterExecutionStep.java:46)
        at org.gradle.internal.execution.steps.ResolveInputChangesStep.execute(ResolveInputChangesStep.java:40)
        at org.gradle.internal.execution.steps.ResolveInputChangesStep.execute(ResolveInputChangesStep.java:29)
        at org.gradle.internal.execution.steps.BuildCacheStep.executeWithoutCache(BuildCacheStep.java:189)
        at org.gradle.internal.execution.steps.BuildCacheStep.lambda$execute$1(BuildCacheStep.java:75)
        at org.gradle.internal.Either$Right.fold(Either.java:175)
        at org.gradle.internal.execution.caching.CachingState.fold(CachingState.java:62)
        at org.gradle.internal.execution.steps.BuildCacheStep.execute(BuildCacheStep.java:73)
        at org.gradle.internal.execution.steps.BuildCacheStep.execute(BuildCacheStep.java:48)
        at org.gradle.internal.execution.steps.StoreExecutionStateStep.execute(StoreExecutionStateStep.java:46)
        at org.gradle.internal.execution.steps.StoreExecutionStateStep.execute(StoreExecutionStateStep.java:35)
        at org.gradle.internal.execution.steps.SkipUpToDateStep.executeBecause(SkipUpToDateStep.java:75)
        at org.gradle.internal.execution.steps.SkipUpToDateStep.lambda$execute$2(SkipUpToDateStep.java:53)
        at org.gradle.internal.execution.steps.SkipUpToDateStep.execute(SkipUpToDateStep.java:53)
        at org.gradle.internal.execution.steps.SkipUpToDateStep.execute(SkipUpToDateStep.java:35)
        at org.gradle.internal.execution.steps.legacy.MarkSnapshottingInputsFinishedStep.execute(MarkSnapshottingInputsFinishedStep.java:37)
        at org.gradle.internal.execution.steps.legacy.MarkSnapshottingInputsFinishedStep.execute(MarkSnapshottingInputsFinishedStep.java:27)
        at org.gradle.internal.execution.steps.ResolveIncrementalCachingStateStep.executeDelegate(ResolveIncrementalCachingStateStep.java:49)
        at org.gradle.internal.execution.steps.ResolveIncrementalCachingStateStep.executeDelegate(ResolveIncrementalCachingStateStep.java:27)
        at org.gradle.internal.execution.steps.AbstractResolveCachingStateStep.execute(AbstractResolveCachingStateStep.java:71) 
        at org.gradle.internal.execution.steps.AbstractResolveCachingStateStep.execute(AbstractResolveCachingStateStep.java:39)
        at org.gradle.internal.execution.steps.ResolveChangesStep.execute(ResolveChangesStep.java:65)
        at org.gradle.internal.execution.steps.ResolveChangesStep.execute(ResolveChangesStep.java:36)
        at org.gradle.internal.execution.steps.ValidateStep.execute(ValidateStep.java:107)
        at org.gradle.internal.execution.steps.ValidateStep.execute(ValidateStep.java:56)
        at org.gradle.internal.execution.steps.AbstractCaptureStateBeforeExecutionStep.execute(AbstractCaptureStateBeforeExecutionStep.java:64)
        at org.gradle.internal.execution.steps.AbstractCaptureStateBeforeExecutionStep.execute(AbstractCaptureStateBeforeExecutionStep.java:43)
        at org.gradle.internal.execution.steps.AbstractSkipEmptyWorkStep.executeWithNonEmptySources(AbstractSkipEmptyWorkStep.java:125)
        at org.gradle.internal.execution.steps.AbstractSkipEmptyWorkStep.execute(AbstractSkipEmptyWorkStep.java:56)
        at org.gradle.internal.execution.steps.AbstractSkipEmptyWorkStep.execute(AbstractSkipEmptyWorkStep.java:36)
        at org.gradle.internal.execution.steps.legacy.MarkSnapshottingInputsStartedStep.execute(MarkSnapshottingInputsStartedStep.java:38)
        at org.gradle.internal.execution.steps.LoadPreviousExecutionStateStep.execute(LoadPreviousExecutionStateStep.java:36)   
        at org.gradle.internal.execution.steps.LoadPreviousExecutionStateStep.execute(LoadPreviousExecutionStateStep.java:23)   
        at org.gradle.internal.execution.steps.HandleStaleOutputsStep.execute(HandleStaleOutputsStep.java:75)
        at org.gradle.internal.execution.steps.HandleStaleOutputsStep.execute(HandleStaleOutputsStep.java:41)
        at org.gradle.internal.execution.steps.AssignMutableWorkspaceStep.lambda$execute$0(AssignMutableWorkspaceStep.java:35)  
        at org.gradle.api.internal.tasks.execution.TaskExecution$4.withWorkspace(TaskExecution.java:289)
        at org.gradle.internal.execution.steps.AssignMutableWorkspaceStep.execute(AssignMutableWorkspaceStep.java:31)
        at org.gradle.internal.execution.steps.AssignMutableWorkspaceStep.execute(AssignMutableWorkspaceStep.java:22)
        at org.gradle.internal.execution.steps.ChoosePipelineStep.execute(ChoosePipelineStep.java:40)
        at org.gradle.internal.execution.steps.ChoosePipelineStep.execute(ChoosePipelineStep.java:23)
        at org.gradle.internal.execution.steps.ExecuteWorkBuildOperationFiringStep.lambda$execute$2(ExecuteWorkBuildOperationFiringStep.java:67)
        at org.gradle.internal.execution.steps.ExecuteWorkBuildOperationFiringStep.execute(ExecuteWorkBuildOperationFiringStep.java:67)
        at org.gradle.internal.execution.steps.ExecuteWorkBuildOperationFiringStep.execute(ExecuteWorkBuildOperationFiringStep.java:39)
        at org.gradle.internal.execution.steps.IdentityCacheStep.execute(IdentityCacheStep.java:46)
        at org.gradle.internal.execution.steps.IdentityCacheStep.execute(IdentityCacheStep.java:34)
        at org.gradle.internal.execution.steps.IdentifyStep.execute(IdentifyStep.java:48)
        at org.gradle.internal.execution.steps.IdentifyStep.execute(IdentifyStep.java:35)
        at org.gradle.internal.execution.impl.DefaultExecutionEngine$1.execute(DefaultExecutionEngine.java:61)
        at org.gradle.api.internal.tasks.execution.ExecuteActionsTaskExecuter.executeIfValid(ExecuteActionsTaskExecuter.java:127)
        at org.gradle.api.internal.tasks.execution.ExecuteActionsTaskExecuter.execute(ExecuteActionsTaskExecuter.java:116)      
        at org.gradle.api.internal.tasks.execution.FinalizePropertiesTaskExecuter.execute(FinalizePropertiesTaskExecuter.java:46)
        at org.gradle.api.internal.tasks.execution.ResolveTaskExecutionModeExecuter.execute(ResolveTaskExecutionModeExecuter.java:51)
        at org.gradle.api.internal.tasks.execution.SkipTaskWithNoActionsExecuter.execute(SkipTaskWithNoActionsExecuter.java:57) 
        at org.gradle.api.internal.tasks.execution.SkipOnlyIfTaskExecuter.execute(SkipOnlyIfTaskExecuter.java:74)
        at org.gradle.api.internal.tasks.execution.CatchExceptionTaskExecuter.execute(CatchExceptionTaskExecuter.java:36)       
        at org.gradle.api.internal.tasks.execution.EventFiringTaskExecuter$1.executeTask(EventFiringTaskExecuter.java:77)       
        at org.gradle.api.internal.tasks.execution.EventFiringTaskExecuter$1.call(EventFiringTaskExecuter.java:55)
        at org.gradle.api.internal.tasks.execution.EventFiringTaskExecuter$1.call(EventFiringTaskExecuter.java:52)
        at org.gradle.internal.operations.DefaultBuildOperationRunner$CallableBuildOperationWorker.execute(DefaultBuildOperationRunner.java:209)
        at org.gradle.internal.operations.DefaultBuildOperationRunner$CallableBuildOperationWorker.execute(DefaultBuildOperationRunner.java:204)
        at org.gradle.internal.operations.DefaultBuildOperationRunner$2.execute(DefaultBuildOperationRunner.java:66)
        at org.gradle.internal.operations.DefaultBuildOperationRunner$2.execute(DefaultBuildOperationRunner.java:59)
        at org.gradle.internal.operations.DefaultBuildOperationRunner.execute(DefaultBuildOperationRunner.java:166)
        at org.gradle.internal.operations.DefaultBuildOperationRunner.execute(DefaultBuildOperationRunner.java:59)
        at org.gradle.internal.operations.DefaultBuildOperationRunner.call(DefaultBuildOperationRunner.java:53)
        at org.gradle.api.internal.tasks.execution.EventFiringTaskExecuter.execute(EventFiringTaskExecuter.java:52)
        at org.gradle.execution.plan.LocalTaskNodeExecutor.execute(LocalTaskNodeExecutor.java:42)
        at org.gradle.execution.taskgraph.DefaultTaskExecutionGraph$InvokeNodeExecutorsAction.execute(DefaultTaskExecutionGraph.java:331)
        at org.gradle.execution.taskgraph.DefaultTaskExecutionGraph$InvokeNodeExecutorsAction.execute(DefaultTaskExecutionGraph.java:318)
        at org.gradle.execution.taskgraph.DefaultTaskExecutionGraph$BuildOperationAwareExecutionAction.lambda$execute$0(DefaultTaskExecutionGraph.java:314)
        at org.gradle.internal.operations.CurrentBuildOperationRef.with(CurrentBuildOperationRef.java:85)
        at org.gradle.execution.taskgraph.DefaultTaskExecutionGraph$BuildOperationAwareExecutionAction.execute(DefaultTaskExecutionGraph.java:314)
        at org.gradle.execution.taskgraph.DefaultTaskExecutionGraph$BuildOperationAwareExecutionAction.execute(DefaultTaskExecutionGraph.java:303)
        at org.gradle.execution.plan.DefaultPlanExecutor$ExecutorWorker.execute(DefaultPlanExecutor.java:459)
        at org.gradle.execution.plan.DefaultPlanExecutor$ExecutorWorker.run(DefaultPlanExecutor.java:376)
        at org.gradle.internal.concurrent.ExecutorPolicy$CatchAndRecordFailures.onExecute(ExecutorPolicy.java:64)
        at org.gradle.internal.concurrent.AbstractManagedExecutor$1.run(AbstractManagedExecutor.java:48)


BUILD FAILED in 5h 8m 3s
1847 actionable tasks: 1757 executed, 90 up-to-date

adity@Admin MINGW64 /d/appy/meetkats - Copy/meetkats/android ((bf1e76b...))
$





















